# JRE version: OpenJDK Runtime Environment (8.0_152-b01) (build 1.8.0_152-release-1248-b01)
# Java VM: OpenJDK 64-Bit Server VM (25.152-b01 mixed mode windows-amd64 compressed oops)
Heap:
 PSYoungGen      total 435200K, used 18404K [0x00000000e0000000, 0x00000000fd580000, 0x0000000100000000)
  eden space 416768K, 0% used [0x00000000e0000000,0x00000000e0000000,0x00000000f9700000)
  from space 18432K, 99% used [0x00000000fc380000,0x00000000fd5790c0,0x00000000fd580000)
  to   space 31232K, 0% used [0x00000000f9880000,0x00000000f9880000,0x00000000fb700000)
 ParOldGen       total 294912K, used 162620K [0x00000000a0000000, 0x00000000b2000000, 0x00000000e0000000)
  object space 294912K, 55% used [0x00000000a0000000,0x00000000a9ecf328,0x00000000b2000000)
 Metaspace       used 93802K, capacity 98341K, committed 98380K, reserved 1134592K
  class space    used 11833K, capacity 12764K, committed 12800K, reserved 1048576K
GC Heap History (10 events):
Event: 95.389 GC heap after
Heap after GC invocations=43 (full 3):
 PSYoungGen      total 497152K, used 8780K [0x00000000e0000000, 0x00000000ffc80000, 0x0000000100000000)
  eden space 473088K, 0% used [0x00000000e0000000,0x00000000e0000000,0x00000000fce00000)
  from space 24064K, 36% used [0x00000000fe480000,0x00000000fed13340,0x00000000ffc00000)
  to   space 23040K, 0% used [0x00000000fce00000,0x00000000fce00000,0x00000000fe480000)
 ParOldGen       total 294912K, used 146528K [0x00000000a0000000, 0x00000000b2000000, 0x00000000e0000000)
  object space 294912K, 49% used [0x00000000a0000000,0x00000000a8f18260,0x00000000b2000000)
 Metaspace       used 83345K, capacity 86556K, committed 86784K, reserved 1124352K
  class space    used 10571K, capacity 11197K, committed 11264K, reserved 1048576K
}
Event: 595.214 GC heap before
{Heap before GC invocations=44 (full 3):
 PSYoungGen      total 497152K, used 481868K [0x00000000e0000000, 0x00000000ffc80000, 0x0000000100000000)
  eden space 473088K, 100% used [0x00000000e0000000,0x00000000fce00000,0x00000000fce00000)
  from space 24064K, 36% used [0x00000000fe480000,0x00000000fed13340,0x00000000ffc00000)
  to   space 23040K, 0% used [0x00000000fce00000,0x00000000fce00000,0x00000000fe480000)
 ParOldGen       total 294912K, used 146528K [0x00000000a0000000, 0x00000000b2000000, 0x00000000e0000000)
  object space 294912K, 49% used [0x00000000a0000000,0x00000000a8f18260,0x00000000b2000000)
 Metaspace       used 83632K, capacity 86882K, committed 87040K, reserved 1124352K
  class space    used 10584K, capacity 11208K, committed 11264K, reserved 1048576K
Event: 595.222 GC heap after
Heap after GC invocations=44 (full 3):
 PSYoungGen      total 462336K, used 3840K [0x00000000e0000000, 0x00000000fea80000, 0x0000000100000000)
  eden space 458240K, 0% used [0x00000000e0000000,0x00000000e0000000,0x00000000fbf80000)
  from space 4096K, 93% used [0x00000000fce00000,0x00000000fd1c0010,0x00000000fd200000)
  to   space 22016K, 0% used [0x00000000fd500000,0x00000000fd500000,0x00000000fea80000)
 ParOldGen       total 294912K, used 146560K [0x00000000a0000000, 0x00000000b2000000, 0x00000000e0000000)
  object space 294912K, 49% used [0x00000000a0000000,0x00000000a8f20260,0x00000000b2000000)
 Metaspace       used 83632K, capacity 86882K, committed 87040K, reserved 1124352K
  class space    used 10584K, capacity 11208K, committed 11264K, reserved 1048576K
}
Event: 707.549 GC heap before
{Heap before GC invocations=45 (full 3):
 PSYoungGen      total 462336K, used 462080K [0x00000000e0000000, 0x00000000fea80000, 0x0000000100000000)
  eden space 458240K, 100% used [0x00000000e0000000,0x00000000fbf80000,0x00000000fbf80000)
  from space 4096K, 93% used [0x00000000fce00000,0x00000000fd1c0010,0x00000000fd200000)
  to   space 22016K, 0% used [0x00000000fd500000,0x00000000fd500000,0x00000000fea80000)
 ParOldGen       total 294912K, used 146560K [0x00000000a0000000, 0x00000000b2000000, 0x00000000e0000000)
  object space 294912K, 49% used [0x00000000a0000000,0x00000000a8f20260,0x00000000b2000000)
 Metaspace       used 84302K, capacity 87586K, committed 87808K, reserved 1126400K
  class space    used 10601K, capacity 11236K, committed 11264K, reserved 1048576K
Event: 707.557 GC heap after
Heap after GC invocations=45 (full 3):
 PSYoungGen      total 451584K, used 7616K [0x00000000e0000000, 0x00000000fdc80000, 0x0000000100000000)
  eden space 443904K, 0% used [0x00000000e0000000,0x00000000e0000000,0x00000000fb180000)
  from space 7680K, 99% used [0x00000000fd500000,0x00000000fdc70090,0x00000000fdc80000)
  to   space 20992K, 0% used [0x00000000fb380000,0x00000000fb380000,0x00000000fc800000)
 ParOldGen       total 294912K, used 146584K [0x00000000a0000000, 0x00000000b2000000, 0x00000000e0000000)
  object space 294912K, 49% used [0x00000000a0000000,0x00000000a8f26260,0x00000000b2000000)
 Metaspace       used 84302K, capacity 87586K, committed 87808K, reserved 1126400K
  class space    used 10601K, capacity 11236K, committed 11264K, reserved 1048576K
}
Event: 802.700 GC heap before
{Heap before GC invocations=46 (full 3):
 PSYoungGen      total 451584K, used 451520K [0x00000000e0000000, 0x00000000fdc80000, 0x0000000100000000)
  eden space 443904K, 100% used [0x00000000e0000000,0x00000000fb180000,0x00000000fb180000)
  from space 7680K, 99% used [0x00000000fd500000,0x00000000fdc70090,0x00000000fdc80000)
  to   space 20992K, 0% used [0x00000000fb380000,0x00000000fb380000,0x00000000fc800000)
 ParOldGen       total 294912K, used 146584K [0x00000000a0000000, 0x00000000b2000000, 0x00000000e0000000)
  object space 294912K, 49% used [0x00000000a0000000,0x00000000a8f26260,0x00000000b2000000)
 Metaspace       used 89004K, capacity 93104K, committed 93440K, reserved 1130496K
  class space    used 11096K, capacity 11909K, committed 12032K, reserved 1048576K
Event: 802.715 GC heap after
Heap after GC invocations=46 (full 3):
 PSYoungGen      total 446464K, used 16159K [0x00000000e0000000, 0x00000000fd580000, 0x0000000100000000)
  eden space 430080K, 0% used [0x00000000e0000000,0x00000000e0000000,0x00000000fa400000)
  from space 16384K, 98% used [0x00000000fb380000,0x00000000fc347ff8,0x00000000fc380000)
  to   space 18432K, 0% used [0x00000000fc380000,0x00000000fc380000,0x00000000fd580000)
 ParOldGen       total 294912K, used 146608K [0x00000000a0000000, 0x00000000b2000000, 0x00000000e0000000)
  object space 294912K, 49% used [0x00000000a0000000,0x00000000a8f2c260,0x00000000b2000000)
 Metaspace       used 89004K, capacity 93104K, committed 93440K, reserved 1130496K
  class space    used 11096K, capacity 11909K, committed 12032K, reserved 1048576K
}
Event: 804.952 GC heap before
{Heap before GC invocations=47 (full 3):
 PSYoungGen      total 446464K, used 307248K [0x00000000e0000000, 0x00000000fd580000, 0x0000000100000000)
  eden space 430080K, 67% used [0x00000000e0000000,0x00000000f1c44230,0x00000000fa400000)
  from space 16384K, 98% used [0x00000000fb380000,0x00000000fc347ff8,0x00000000fc380000)
  to   space 18432K, 0% used [0x00000000fc380000,0x00000000fc380000,0x00000000fd580000)
 ParOldGen       total 294912K, used 146608K [0x00000000a0000000, 0x00000000b2000000, 0x00000000e0000000)
  object space 294912K, 49% used [0x00000000a0000000,0x00000000a8f2c260,0x00000000b2000000)
 Metaspace       used 93802K, capacity 98341K, committed 98380K, reserved 1134592K
  class space    used 11833K, capacity 12764K, committed 12800K, reserved 1048576K
Event: 804.978 GC heap after
Heap after GC invocations=47 (full 3):
 PSYoungGen      total 435200K, used 18404K [0x00000000e0000000, 0x00000000fd580000, 0x0000000100000000)
  eden space 416768K, 0% used [0x00000000e0000000,0x00000000e0000000,0x00000000f9700000)
  from space 18432K, 99% used [0x00000000fc380000,0x00000000fd5790c0,0x00000000fd580000)
  to   space 31232K, 0% used [0x00000000f9880000,0x00000000f9880000,0x00000000fb700000)
 ParOldGen       total 294912K, used 162620K [0x00000000a0000000, 0x00000000b2000000, 0x00000000e0000000)
  object space 294912K, 55% used [0x00000000a0000000,0x00000000a9ecf328,0x00000000b2000000)
 Metaspace       used 93802K, capacity 98341K, committed 98380K, reserved 1134592K
  class space    used 11833K, capacity 12764K, committed 12800K, reserved 1048576K
}
Event: 804.978 GC heap before
{Heap before GC invocations=48 (full 4):
 PSYoungGen      total 435200K, used 18404K [0x00000000e0000000, 0x00000000fd580000, 0x0000000100000000)
  eden space 416768K, 0% used [0x00000000e0000000,0x00000000e0000000,0x00000000f9700000)
  from space 18432K, 99% used [0x00000000fc380000,0x00000000fd5790c0,0x00000000fd580000)
  to   space 31232K, 0% used [0x00000000f9880000,0x00000000f9880000,0x00000000fb700000)
 ParOldGen       total 294912K, used 162620K [0x00000000a0000000, 0x00000000b2000000, 0x00000000e0000000)
  object space 294912K, 55% used [0x00000000a0000000,0x00000000a9ecf328,0x00000000b2000000)
 Metaspace       used 93802K, capacity 98341K, committed 98380K, reserved 1134592K
  class space    used 11833K, capacity 12764K, committed 12800K, reserved 1048576K

